<?xml version="1.0" encoding="UTF-8"?>
<robot generator="Robot 7.2.2 (Python 3.13.2 on win32)" generated="2025-07-03T11:26:39.813624" rpa="false" schemaversion="5">
<suite id="s1" name="Teste Fisico" source="C:\QAx\projects\yodapp-robot\tests\teste_fisico.robot">
<test id="s1-t1" name="Deve realizar vários Pinch no Google Maps na direção vertical" line="358">
<kw name="Start session Google Maps" owner="base_fisico">
<kw name="Open Application" owner="AppiumLibrary">
<arg>http://localhost:4723</arg>
<arg>platformName=Android</arg>
<arg>deviceName=AndroidDevice</arg>
<arg>automationName=UIAutomator2</arg>
<arg>appPackage=com.google.android.apps.maps</arg>
<arg>appActivity=com.google.android.maps.MapsActivity</arg>
<arg>autoGrantPermissions=true</arg>
<doc>Opens a new application to given Appium server.
Capabilities of appium server, Android and iOS,
Please check https://appium.io/docs/en/2.1/cli/args/
| *Option*            | *Man.* | *Description*     |
| remote_url          | Yes    | Appium server url |
| alias               | no     | alias             |
| strict_ssl          | No     | allows you to send commands to an invalid certificate host like a self-signed one. |</doc>
<status status="PASS" start="2025-07-03T11:26:40.107771" elapsed="16.100569"/>
</kw>
<status status="PASS" start="2025-07-03T11:26:40.106748" elapsed="16.102491"/>
</kw>
<kw name="Sleep" owner="BuiltIn">
<msg time="2025-07-03T11:27:06.212636" level="INFO">Slept 10 seconds.</msg>
<arg>10</arg>
<doc>Pauses the test executed for the given time.</doc>
<status status="PASS" start="2025-07-03T11:26:56.210777" elapsed="10.002250"/>
</kw>
<kw name="Sleep" owner="BuiltIn">
<msg time="2025-07-03T11:27:08.215521" level="INFO">Slept 2 seconds.</msg>
<arg>2</arg>
<doc>Pauses the test executed for the given time.</doc>
<status status="PASS" start="2025-07-03T11:27:06.214306" elapsed="2.001641"/>
</kw>
<kw name="Perform Pinch" owner="AppiumPinchExtensions">
<msg time="2025-07-03T11:27:10.161168" level="INFO">criteria is com.google.android.apps.maps:id/mainmap_container</msg>
<arg>id=com.google.android.apps.maps:id/mainmap_container</arg>
<arg>scale=0.7</arg>
<arg>duration=${DURATION}</arg>
<arg>steps=20</arg>
<arg>direction=vertical</arg>
<doc>Performs a zoom out (pinch) gesture on an Android application.</doc>
<status status="PASS" start="2025-07-03T11:27:08.217609" elapsed="1.944023"/>
</kw>
<kw name="Sleep" owner="BuiltIn">
<msg time="2025-07-03T11:27:15.164103" level="INFO">Slept 5 seconds.</msg>
<arg>5</arg>
<doc>Pauses the test executed for the given time.</doc>
<status status="PASS" start="2025-07-03T11:27:10.162931" elapsed="5.001509"/>
</kw>
<kw name="Perform Pinch Gesture" owner="GestureKeywords">
<msg time="2025-07-03T11:27:15.573534" level="INFO">Element center at (600.0, 964.0)</msg>
<msg time="2025-07-03T11:27:15.573946" level="INFO">Finger 1 starts at ((600.0, 684.0))</msg>
<msg time="2025-07-03T11:27:15.574108" level="INFO">Finger 2 starts at ((600.0, 1244.0))</msg>
<msg time="2025-07-03T11:27:16.874351" level="INFO">Pinch gesture performed successfully.</msg>
<msg time="2025-07-03T11:27:16.874663" level="INFO">criteria is com.google.android.apps.maps:id/mainmap_container</msg>
<arg>id=com.google.android.apps.maps:id/mainmap_container</arg>
<arg>scale=0.7</arg>
<arg>duration=${DURATION}</arg>
<arg>steps=20</arg>
<arg>direction=vertical</arg>
<doc>Performs a realistic pinch gesture with perturbation.</doc>
<status status="PASS" start="2025-07-03T11:27:15.165603" elapsed="1.709263"/>
</kw>
<tag>pinchmaps</tag>
<status status="PASS" start="2025-07-03T11:26:40.105701" elapsed="36.770444"/>
</test>
<status status="PASS" start="2025-07-03T11:26:39.815226" elapsed="37.064109"/>
</suite>
<statistics>
<total>
<stat pass="1" fail="0" skip="0">All Tests</stat>
</total>
<tag>
<stat pass="1" fail="0" skip="0">pinchmaps</stat>
</tag>
<suite>
<stat name="Teste Fisico" id="s1" pass="1" fail="0" skip="0">Teste Fisico</stat>
</suite>
</statistics>
<errors>
</errors>
</robot>
