<?xml version="1.0" encoding="UTF-8"?>
<robot generator="Robot 7.2.2 (Python 3.13.2 on win32)" generated="2025-07-18T16:41:36.399057" rpa="false" schemaversion="5">
<suite id="s1" name="Teste" source="C:\Users\cippa\OneDrive\Área de Trabalho\robot\robot-framework-front\keywords\ChangeTheme\teste.robot">
<test id="s1-t1" name="Muda Tema Para Escuro Via ADB" line="42">
<kw name="Setup Test Environment" type="SETUP">
<kw name="Open Application" owner="AppiumLibrary">
<arg>${APPIUM_URL}</arg>
<arg>platformName=${PLATFORM_NAME}</arg>
<arg>deviceName=${DEVICE_NAME}</arg>
<arg>udid=${UDID}</arg>
<arg>automationName=${AUTOMATION_NAME}</arg>
<arg>appPackage=${APP_PACKAGE}</arg>
<arg>appActivity=${APP_ACTIVITY}</arg>
<arg>noReset=true</arg>
<doc>Opens a new application to given Appium server.
Capabilities of appium server, Android and iOS,
Please check https://appium.io/docs/en/2.1/cli/args/
| *Option*            | *Man.* | *Description*     |
| remote_url          | Yes    | Appium server url |
| alias               | no     | alias             |
| strict_ssl          | No     | allows you to send commands to an invalid certificate host like a self-signed one. |</doc>
<status status="PASS" start="2025-07-18T16:41:36.649488" elapsed="5.981293"/>
</kw>
<kw name="Sleep" owner="BuiltIn">
<msg time="2025-07-18T16:41:44.632003" level="INFO">Slept 2 seconds.</msg>
<arg>2s</arg>
<doc>Pauses the test executed for the given time.</doc>
<status status="PASS" start="2025-07-18T16:41:42.631081" elapsed="2.001230"/>
</kw>
<doc>Configura ambiente de teste inicial</doc>
<status status="PASS" start="2025-07-18T16:41:36.648930" elapsed="7.983653"/>
</kw>
<kw name="Get Current Theme" owner="ChangeTheme">
<msg time="2025-07-18T16:41:44.718288" level="INFO">Comando ADB executado: adb -s a83af8e7 shell settings get secure ui_night_mode</msg>
<msg time="2025-07-18T16:41:44.718424" level="INFO">Tema atual: light (código: 1)</msg>
<msg time="2025-07-18T16:41:44.718591" level="INFO">${initial_theme} = light</msg>
<var>${initial_theme}</var>
<doc>Retorna o tema atual do sistema</doc>
<status status="PASS" start="2025-07-18T16:41:44.633313" elapsed="0.085315"/>
</kw>
<kw name="Log" owner="BuiltIn">
<msg time="2025-07-18T16:41:44.720304" level="INFO">Tema inicial: light</msg>
<arg>Tema inicial: ${initial_theme}</arg>
<doc>Logs the given message with the given level.</doc>
<status status="PASS" start="2025-07-18T16:41:44.719600" elapsed="0.000819"/>
</kw>
<kw name="Change To Dark Theme" owner="ChangeTheme">
<msg time="2025-07-18T16:41:44.721067" level="INFO">Iniciando mudança para tema escuro via ADB</msg>
<msg time="2025-07-18T16:41:44.796657" level="INFO">Comando ADB executado: adb -s a83af8e7 shell settings get secure ui_night_mode</msg>
<msg time="2025-07-18T16:41:44.796781" level="INFO">Tema atual: 1</msg>
<msg time="2025-07-18T16:41:45.000930" level="INFO">Comando ADB executado: adb -s a83af8e7 shell cmd uimode night yes</msg>
<msg time="2025-07-18T16:41:45.001135" level="INFO">Tema dark aplicado via 'cmd uimode'</msg>
<msg time="2025-07-18T16:41:46.097007" level="INFO">Comando ADB executado: adb -s a83af8e7 shell settings get secure ui_night_mode</msg>
<msg time="2025-07-18T16:41:46.097101" level="INFO">Tema dark aplicado com sucesso (código: 2)</msg>
<msg time="2025-07-18T16:41:46.097130" level="INFO">Tema escuro aplicado com sucesso</msg>
<doc>Muda para tema escuro usando ADB</doc>
<status status="PASS" start="2025-07-18T16:41:44.720832" elapsed="1.376374"/>
</kw>
<kw name="Sleep" owner="BuiltIn">
<msg time="2025-07-18T16:41:49.098702" level="INFO">Slept 3 seconds.</msg>
<arg>${THEME_CHANGE_DELAY}s</arg>
<doc>Pauses the test executed for the given time.</doc>
<status status="PASS" start="2025-07-18T16:41:46.098038" elapsed="3.000887"/>
</kw>
<kw name="Verify Theme Change">
<kw name="Get Current Theme" owner="ChangeTheme">
<msg time="2025-07-18T16:41:49.193887" level="INFO">Comando ADB executado: adb -s a83af8e7 shell settings get secure ui_night_mode</msg>
<msg time="2025-07-18T16:41:49.193996" level="INFO">Tema atual: dark (código: 2)</msg>
<msg time="2025-07-18T16:41:49.194182" level="INFO">${current_theme} = dark</msg>
<var>${current_theme}</var>
<doc>Retorna o tema atual do sistema</doc>
<status status="PASS" start="2025-07-18T16:41:49.101091" elapsed="0.093134"/>
</kw>
<kw name="Should Be Equal As Strings" owner="BuiltIn">
<arg>${current_theme}</arg>
<arg>${expected_theme}</arg>
<doc>Fails if objects are unequal after converting them to strings.</doc>
<status status="PASS" start="2025-07-18T16:41:49.194465" elapsed="0.000358"/>
</kw>
<kw name="Log" owner="BuiltIn">
<msg time="2025-07-18T16:41:49.195185" level="INFO">Tema verificado: dark</msg>
<arg>Tema verificado: ${current_theme}</arg>
<doc>Logs the given message with the given level.</doc>
<status status="PASS" start="2025-07-18T16:41:49.194993" elapsed="0.000263"/>
</kw>
<arg>dark</arg>
<doc>Verifica se o tema foi alterado corretamente</doc>
<status status="PASS" start="2025-07-18T16:41:49.100163" elapsed="0.095196"/>
</kw>
<kw name="Capture Page Screenshot" owner="AppiumLibrary">
<msg time="2025-07-18T16:41:49.782775" level="INFO" html="true">&lt;/td&gt;&lt;/tr&gt;&lt;tr&gt;&lt;td colspan="3"&gt;&lt;a href="dark_theme_applied.png"&gt;&lt;img src="dark_theme_applied.png" width="800px"&gt;&lt;/a&gt;</msg>
<arg>dark_theme_applied.png</arg>
<doc>Takes a screenshot of the current page and embeds it into the log.</doc>
<status status="PASS" start="2025-07-18T16:41:49.196365" elapsed="0.586644"/>
</kw>
<kw name="Teardown Test Environment" type="TEARDOWN">
<kw name="Close Application" owner="AppiumLibrary">
<doc>Closes the current application and also close webdriver session.</doc>
<status status="PASS" start="2025-07-18T16:41:49.784379" elapsed="0.498084"/>
</kw>
<doc>Limpa ambiente após teste</doc>
<status status="PASS" start="2025-07-18T16:41:49.783904" elapsed="0.498711"/>
</kw>
<doc>Testa a mudança do tema do dispositivo de claro para escuro usando ADB</doc>
<tag>adb</tag>
<tag>dark_theme</tag>
<tag>fast</tag>
<tag>theme</tag>
<status status="PASS" start="2025-07-18T16:41:36.648036" elapsed="13.634814"/>
</test>
<test id="s1-t2" name="Muda Tema Para Claro Via ADB" line="62">
<kw name="Setup Test Environment" type="SETUP">
<kw name="Open Application" owner="AppiumLibrary">
<arg>${APPIUM_URL}</arg>
<arg>platformName=${PLATFORM_NAME}</arg>
<arg>deviceName=${DEVICE_NAME}</arg>
<arg>udid=${UDID}</arg>
<arg>automationName=${AUTOMATION_NAME}</arg>
<arg>appPackage=${APP_PACKAGE}</arg>
<arg>appActivity=${APP_ACTIVITY}</arg>
<arg>noReset=true</arg>
<doc>Opens a new application to given Appium server.
Capabilities of appium server, Android and iOS,
Please check https://appium.io/docs/en/2.1/cli/args/
| *Option*            | *Man.* | *Description*     |
| remote_url          | Yes    | Appium server url |
| alias               | no     | alias             |
| strict_ssl          | No     | allows you to send commands to an invalid certificate host like a self-signed one. |</doc>
<status status="PASS" start="2025-07-18T16:41:50.284046" elapsed="5.759872"/>
</kw>
<kw name="Sleep" owner="BuiltIn">
<msg time="2025-07-18T16:41:58.044753" level="INFO">Slept 2 seconds.</msg>
<arg>2s</arg>
<doc>Pauses the test executed for the given time.</doc>
<status status="PASS" start="2025-07-18T16:41:56.044187" elapsed="2.000690"/>
</kw>
<doc>Configura ambiente de teste inicial</doc>
<status status="PASS" start="2025-07-18T16:41:50.283847" elapsed="7.761103"/>
</kw>
<kw name="Change To Dark Theme" owner="ChangeTheme">
<msg time="2025-07-18T16:41:58.045476" level="INFO">Iniciando mudança para tema escuro via ADB</msg>
<msg time="2025-07-18T16:41:58.121754" level="INFO">Comando ADB executado: adb -s a83af8e7 shell settings get secure ui_night_mode</msg>
<msg time="2025-07-18T16:41:58.121872" level="INFO">Tema atual: 2</msg>
<msg time="2025-07-18T16:41:58.121912" level="INFO">Dispositivo já está no tema escuro</msg>
<doc>Muda para tema escuro usando ADB</doc>
<status status="PASS" start="2025-07-18T16:41:58.045351" elapsed="0.076644"/>
</kw>
<kw name="Sleep" owner="BuiltIn">
<msg time="2025-07-18T16:42:01.124717" level="INFO">Slept 3 seconds.</msg>
<arg>${THEME_CHANGE_DELAY}s</arg>
<doc>Pauses the test executed for the given time.</doc>
<status status="PASS" start="2025-07-18T16:41:58.123491" elapsed="3.001365"/>
</kw>
<kw name="Get Current Theme" owner="ChangeTheme">
<msg time="2025-07-18T16:42:01.205749" level="INFO">Comando ADB executado: adb -s a83af8e7 shell settings get secure ui_night_mode</msg>
<msg time="2025-07-18T16:42:01.205906" level="INFO">Tema atual: dark (código: 2)</msg>
<msg time="2025-07-18T16:42:01.206090" level="INFO">${initial_theme} = dark</msg>
<var>${initial_theme}</var>
<doc>Retorna o tema atual do sistema</doc>
<status status="PASS" start="2025-07-18T16:42:01.125257" elapsed="0.080877"/>
</kw>
<kw name="Log" owner="BuiltIn">
<msg time="2025-07-18T16:42:01.206891" level="INFO">Tema inicial: dark</msg>
<arg>Tema inicial: ${initial_theme}</arg>
<doc>Logs the given message with the given level.</doc>
<status status="PASS" start="2025-07-18T16:42:01.206566" elapsed="0.000411"/>
</kw>
<kw name="Change To Light Theme" owner="ChangeTheme">
<msg time="2025-07-18T16:42:01.207542" level="INFO">Iniciando mudança para tema claro via ADB</msg>
<msg time="2025-07-18T16:42:01.291522" level="INFO">Comando ADB executado: adb -s a83af8e7 shell settings get secure ui_night_mode</msg>
<msg time="2025-07-18T16:42:01.291680" level="INFO">Tema atual: 2</msg>
<msg time="2025-07-18T16:42:01.463284" level="INFO">Comando ADB executado: adb -s a83af8e7 shell cmd uimode night no</msg>
<msg time="2025-07-18T16:42:01.463383" level="INFO">Tema light aplicado via 'cmd uimode'</msg>
<msg time="2025-07-18T16:42:02.537975" level="INFO">Comando ADB executado: adb -s a83af8e7 shell settings get secure ui_night_mode</msg>
<msg time="2025-07-18T16:42:02.538076" level="INFO">Tema light aplicado com sucesso (código: 1)</msg>
<msg time="2025-07-18T16:42:02.538109" level="INFO">Tema claro aplicado com sucesso</msg>
<doc>Muda para tema claro usando ADB</doc>
<status status="PASS" start="2025-07-18T16:42:01.207356" elapsed="1.330820"/>
</kw>
<kw name="Sleep" owner="BuiltIn">
<msg time="2025-07-18T16:42:05.539787" level="INFO">Slept 3 seconds.</msg>
<arg>${THEME_CHANGE_DELAY}s</arg>
<doc>Pauses the test executed for the given time.</doc>
<status status="PASS" start="2025-07-18T16:42:02.539058" elapsed="3.000934"/>
</kw>
<kw name="Verify Theme Change">
<kw name="Get Current Theme" owner="ChangeTheme">
<msg time="2025-07-18T16:42:05.645280" level="INFO">Comando ADB executado: adb -s a83af8e7 shell settings get secure ui_night_mode</msg>
<msg time="2025-07-18T16:42:05.645383" level="INFO">Tema atual: light (código: 1)</msg>
<msg time="2025-07-18T16:42:05.645521" level="INFO">${current_theme} = light</msg>
<var>${current_theme}</var>
<doc>Retorna o tema atual do sistema</doc>
<status status="PASS" start="2025-07-18T16:42:05.541741" elapsed="0.103822"/>
</kw>
<kw name="Should Be Equal As Strings" owner="BuiltIn">
<arg>${current_theme}</arg>
<arg>${expected_theme}</arg>
<doc>Fails if objects are unequal after converting them to strings.</doc>
<status status="PASS" start="2025-07-18T16:42:05.645766" elapsed="0.000287"/>
</kw>
<kw name="Log" owner="BuiltIn">
<msg time="2025-07-18T16:42:05.646321" level="INFO">Tema verificado: light</msg>
<arg>Tema verificado: ${current_theme}</arg>
<doc>Logs the given message with the given level.</doc>
<status status="PASS" start="2025-07-18T16:42:05.646189" elapsed="0.000174"/>
</kw>
<arg>light</arg>
<doc>Verifica se o tema foi alterado corretamente</doc>
<status status="PASS" start="2025-07-18T16:42:05.541018" elapsed="0.105411"/>
</kw>
<kw name="Capture Page Screenshot" owner="AppiumLibrary">
<msg time="2025-07-18T16:42:06.215732" level="INFO" html="true">&lt;/td&gt;&lt;/tr&gt;&lt;tr&gt;&lt;td colspan="3"&gt;&lt;a href="light_theme_applied.png"&gt;&lt;img src="light_theme_applied.png" width="800px"&gt;&lt;/a&gt;</msg>
<arg>light_theme_applied.png</arg>
<doc>Takes a screenshot of the current page and embeds it into the log.</doc>
<status status="PASS" start="2025-07-18T16:42:05.647155" elapsed="0.568720"/>
</kw>
<kw name="Teardown Test Environment" type="TEARDOWN">
<kw name="Close Application" owner="AppiumLibrary">
<doc>Closes the current application and also close webdriver session.</doc>
<status status="PASS" start="2025-07-18T16:42:06.216841" elapsed="0.502129"/>
</kw>
<doc>Limpa ambiente após teste</doc>
<status status="PASS" start="2025-07-18T16:42:06.216479" elapsed="0.502621"/>
</kw>
<doc>Testa a mudança do tema do dispositivo de escuro para claro usando ADB</doc>
<tag>adb</tag>
<tag>fast</tag>
<tag>light_theme</tag>
<tag>theme</tag>
<status status="PASS" start="2025-07-18T16:41:50.283402" elapsed="16.436020"/>
</test>
<test id="s1-t3" name="Teste Alternância de Tema" line="86">
<kw name="Setup Test Environment" type="SETUP">
<kw name="Open Application" owner="AppiumLibrary">
<arg>${APPIUM_URL}</arg>
<arg>platformName=${PLATFORM_NAME}</arg>
<arg>deviceName=${DEVICE_NAME}</arg>
<arg>udid=${UDID}</arg>
<arg>automationName=${AUTOMATION_NAME}</arg>
<arg>appPackage=${APP_PACKAGE}</arg>
<arg>appActivity=${APP_ACTIVITY}</arg>
<arg>noReset=true</arg>
<doc>Opens a new application to given Appium server.
Capabilities of appium server, Android and iOS,
Please check https://appium.io/docs/en/2.1/cli/args/
| *Option*            | *Man.* | *Description*     |
| remote_url          | Yes    | Appium server url |
| alias               | no     | alias             |
| strict_ssl          | No     | allows you to send commands to an invalid certificate host like a self-signed one. |</doc>
<status status="PASS" start="2025-07-18T16:42:06.721241" elapsed="5.719274"/>
</kw>
<kw name="Sleep" owner="BuiltIn">
<msg time="2025-07-18T16:42:14.441464" level="INFO">Slept 2 seconds.</msg>
<arg>2s</arg>
<doc>Pauses the test executed for the given time.</doc>
<status status="PASS" start="2025-07-18T16:42:12.440877" elapsed="2.000716"/>
</kw>
<doc>Configura ambiente de teste inicial</doc>
<status status="PASS" start="2025-07-18T16:42:06.720964" elapsed="7.720710"/>
</kw>
<kw name="Get Current Theme" owner="ChangeTheme">
<msg time="2025-07-18T16:42:14.515345" level="INFO">Comando ADB executado: adb -s a83af8e7 shell settings get secure ui_night_mode</msg>
<msg time="2025-07-18T16:42:14.515458" level="INFO">Tema atual: light (código: 1)</msg>
<msg time="2025-07-18T16:42:14.515626" level="INFO">${initial_theme} = light</msg>
<var>${initial_theme}</var>
<doc>Retorna o tema atual do sistema</doc>
<status status="PASS" start="2025-07-18T16:42:14.442151" elapsed="0.073513"/>
</kw>
<kw name="Log" owner="BuiltIn">
<msg time="2025-07-18T16:42:14.518019" level="INFO">Tema inicial: light</msg>
<arg>Tema inicial: ${initial_theme}</arg>
<doc>Logs the given message with the given level.</doc>
<status status="PASS" start="2025-07-18T16:42:14.517682" elapsed="0.000407"/>
</kw>
<kw name="Toggle Theme" owner="ChangeTheme">
<msg time="2025-07-18T16:42:14.589162" level="INFO">Comando ADB executado: adb -s a83af8e7 shell settings get secure ui_night_mode</msg>
<msg time="2025-07-18T16:42:14.589276" level="INFO">Tema atual: light (código: 1)</msg>
<msg time="2025-07-18T16:42:14.589308" level="INFO">Iniciando mudança para tema escuro via ADB</msg>
<msg time="2025-07-18T16:42:14.659617" level="INFO">Comando ADB executado: adb -s a83af8e7 shell settings get secure ui_night_mode</msg>
<msg time="2025-07-18T16:42:14.659740" level="INFO">Tema atual: 1</msg>
<msg time="2025-07-18T16:42:14.830692" level="INFO">Comando ADB executado: adb -s a83af8e7 shell cmd uimode night yes</msg>
<msg time="2025-07-18T16:42:14.830787" level="INFO">Tema dark aplicado via 'cmd uimode'</msg>
<msg time="2025-07-18T16:42:15.911170" level="INFO">Comando ADB executado: adb -s a83af8e7 shell settings get secure ui_night_mode</msg>
<msg time="2025-07-18T16:42:15.911272" level="INFO">Tema dark aplicado com sucesso (código: 2)</msg>
<msg time="2025-07-18T16:42:15.911302" level="INFO">Tema escuro aplicado com sucesso</msg>
<msg time="2025-07-18T16:42:15.911489" level="INFO">Tema alternado com sucesso</msg>
<doc>Alterna entre tema claro e escuro</doc>
<status status="PASS" start="2025-07-18T16:42:14.518467" elapsed="1.393101"/>
</kw>
<kw name="Sleep" owner="BuiltIn">
<msg time="2025-07-18T16:42:18.913600" level="INFO">Slept 3 seconds.</msg>
<arg>${THEME_CHANGE_DELAY}s</arg>
<doc>Pauses the test executed for the given time.</doc>
<status status="PASS" start="2025-07-18T16:42:15.912841" elapsed="3.000962"/>
</kw>
<kw name="Get Current Theme" owner="ChangeTheme">
<msg time="2025-07-18T16:42:19.011817" level="INFO">Comando ADB executado: adb -s a83af8e7 shell settings get secure ui_night_mode</msg>
<msg time="2025-07-18T16:42:19.012007" level="INFO">Tema atual: dark (código: 2)</msg>
<msg time="2025-07-18T16:42:19.012337" level="INFO">${new_theme} = dark</msg>
<var>${new_theme}</var>
<doc>Retorna o tema atual do sistema</doc>
<status status="PASS" start="2025-07-18T16:42:18.914666" elapsed="0.097766"/>
</kw>
<kw name="Should Not Be Equal As Strings" owner="BuiltIn">
<arg>${initial_theme}</arg>
<arg>${new_theme}</arg>
<doc>Fails if objects are equal after converting them to strings.</doc>
<status status="PASS" start="2025-07-18T16:42:19.014302" elapsed="0.000527"/>
</kw>
<kw name="Log" owner="BuiltIn">
<msg time="2025-07-18T16:42:19.015735" level="INFO">Tema alternado de light para dark</msg>
<arg>Tema alternado de ${initial_theme} para ${new_theme}</arg>
<doc>Logs the given message with the given level.</doc>
<status status="PASS" start="2025-07-18T16:42:19.015329" elapsed="0.000517"/>
</kw>
<kw name="Toggle Theme" owner="ChangeTheme">
<msg time="2025-07-18T16:42:19.105362" level="INFO">Comando ADB executado: adb -s a83af8e7 shell settings get secure ui_night_mode</msg>
<msg time="2025-07-18T16:42:19.105526" level="INFO">Tema atual: dark (código: 2)</msg>
<msg time="2025-07-18T16:42:19.105583" level="INFO">Iniciando mudança para tema claro via ADB</msg>
<msg time="2025-07-18T16:42:19.191743" level="INFO">Comando ADB executado: adb -s a83af8e7 shell settings get secure ui_night_mode</msg>
<msg time="2025-07-18T16:42:19.191920" level="INFO">Tema atual: 2</msg>
<msg time="2025-07-18T16:42:19.353876" level="INFO">Comando ADB executado: adb -s a83af8e7 shell cmd uimode night no</msg>
<msg time="2025-07-18T16:42:19.353977" level="INFO">Tema light aplicado via 'cmd uimode'</msg>
<msg time="2025-07-18T16:42:20.427098" level="INFO">Comando ADB executado: adb -s a83af8e7 shell settings get secure ui_night_mode</msg>
<msg time="2025-07-18T16:42:20.427199" level="INFO">Tema light aplicado com sucesso (código: 1)</msg>
<msg time="2025-07-18T16:42:20.427237" level="INFO">Tema claro aplicado com sucesso</msg>
<msg time="2025-07-18T16:42:20.427265" level="INFO">Tema alternado com sucesso</msg>
<doc>Alterna entre tema claro e escuro</doc>
<status status="PASS" start="2025-07-18T16:42:19.016173" elapsed="1.411164"/>
</kw>
<kw name="Sleep" owner="BuiltIn">
<msg time="2025-07-18T16:42:23.429136" level="INFO">Slept 3 seconds.</msg>
<arg>${THEME_CHANGE_DELAY}s</arg>
<doc>Pauses the test executed for the given time.</doc>
<status status="PASS" start="2025-07-18T16:42:20.428466" elapsed="3.000834"/>
</kw>
<kw name="Get Current Theme" owner="ChangeTheme">
<msg time="2025-07-18T16:42:23.527777" level="INFO">Comando ADB executado: adb -s a83af8e7 shell settings get secure ui_night_mode</msg>
<msg time="2025-07-18T16:42:23.527938" level="INFO">Tema atual: light (código: 1)</msg>
<msg time="2025-07-18T16:42:23.528189" level="INFO">${final_theme} = light</msg>
<var>${final_theme}</var>
<doc>Retorna o tema atual do sistema</doc>
<status status="PASS" start="2025-07-18T16:42:23.430056" elapsed="0.098201"/>
</kw>
<kw name="Should Be Equal As Strings" owner="BuiltIn">
<arg>${initial_theme}</arg>
<arg>${final_theme}</arg>
<doc>Fails if objects are unequal after converting them to strings.</doc>
<status status="PASS" start="2025-07-18T16:42:23.530045" elapsed="0.000519"/>
</kw>
<kw name="Log" owner="BuiltIn">
<msg time="2025-07-18T16:42:23.533403" level="INFO">Tema retornado ao estado inicial: light</msg>
<arg>Tema retornado ao estado inicial: ${final_theme}</arg>
<doc>Logs the given message with the given level.</doc>
<status status="PASS" start="2025-07-18T16:42:23.533053" elapsed="0.000450"/>
</kw>
<kw name="Teardown Test Environment" type="TEARDOWN">
<kw name="Close Application" owner="AppiumLibrary">
<doc>Closes the current application and also close webdriver session.</doc>
<status status="PASS" start="2025-07-18T16:42:23.534876" elapsed="0.729068"/>
</kw>
<doc>Limpa ambiente após teste</doc>
<status status="PASS" start="2025-07-18T16:42:23.534367" elapsed="0.729759"/>
</kw>
<doc>Testa a alternância automática entre temas</doc>
<tag>adb</tag>
<tag>fast</tag>
<tag>theme</tag>
<tag>toggle</tag>
<status status="PASS" start="2025-07-18T16:42:06.720391" elapsed="17.544115"/>
</test>
<test id="s1-t4" name="Teste Completo de Mudança de Tema" line="114">
<kw name="Setup Test Environment" type="SETUP">
<kw name="Open Application" owner="AppiumLibrary">
<arg>${APPIUM_URL}</arg>
<arg>platformName=${PLATFORM_NAME}</arg>
<arg>deviceName=${DEVICE_NAME}</arg>
<arg>udid=${UDID}</arg>
<arg>automationName=${AUTOMATION_NAME}</arg>
<arg>appPackage=${APP_PACKAGE}</arg>
<arg>appActivity=${APP_ACTIVITY}</arg>
<arg>noReset=true</arg>
<doc>Opens a new application to given Appium server.
Capabilities of appium server, Android and iOS,
Please check https://appium.io/docs/en/2.1/cli/args/
| *Option*            | *Man.* | *Description*     |
| remote_url          | Yes    | Appium server url |
| alias               | no     | alias             |
| strict_ssl          | No     | allows you to send commands to an invalid certificate host like a self-signed one. |</doc>
<status status="PASS" start="2025-07-18T16:42:24.275028" elapsed="7.076391"/>
</kw>
<kw name="Sleep" owner="BuiltIn">
<msg time="2025-07-18T16:42:33.352136" level="INFO">Slept 2 seconds.</msg>
<arg>2s</arg>
<doc>Pauses the test executed for the given time.</doc>
<status status="PASS" start="2025-07-18T16:42:31.351609" elapsed="2.000719"/>
</kw>
<doc>Configura ambiente de teste inicial</doc>
<status status="PASS" start="2025-07-18T16:42:24.274566" elapsed="9.078000"/>
</kw>
<kw name="Get Current Theme" owner="ChangeTheme">
<msg time="2025-07-18T16:42:33.441656" level="INFO">Comando ADB executado: adb -s a83af8e7 shell settings get secure ui_night_mode</msg>
<msg time="2025-07-18T16:42:33.441815" level="INFO">Tema atual: light (código: 1)</msg>
<msg time="2025-07-18T16:42:33.442006" level="INFO">${initial_theme} = light</msg>
<var>${initial_theme}</var>
<doc>Retorna o tema atual do sistema</doc>
<status status="PASS" start="2025-07-18T16:42:33.353660" elapsed="0.088385"/>
</kw>
<kw name="Log" owner="BuiltIn">
<msg time="2025-07-18T16:42:33.443220" level="INFO">Tema inicial: light</msg>
<arg>Tema inicial: ${initial_theme}</arg>
<doc>Logs the given message with the given level.</doc>
<status status="PASS" start="2025-07-18T16:42:33.442936" elapsed="0.000354"/>
</kw>
<kw name="Change To Dark Theme" owner="ChangeTheme">
<msg time="2025-07-18T16:42:33.443765" level="INFO">Iniciando mudança para tema escuro via ADB</msg>
<msg time="2025-07-18T16:42:33.518885" level="INFO">Comando ADB executado: adb -s a83af8e7 shell settings get secure ui_night_mode</msg>
<msg time="2025-07-18T16:42:33.519006" level="INFO">Tema atual: 1</msg>
<msg time="2025-07-18T16:42:33.711206" level="INFO">Comando ADB executado: adb -s a83af8e7 shell cmd uimode night yes</msg>
<msg time="2025-07-18T16:42:33.711389" level="INFO">Tema dark aplicado via 'cmd uimode'</msg>
<msg time="2025-07-18T16:42:34.840940" level="INFO">Comando ADB executado: adb -s a83af8e7 shell settings get secure ui_night_mode</msg>
<msg time="2025-07-18T16:42:34.841085" level="INFO">Tema dark aplicado com sucesso (código: 2)</msg>
<msg time="2025-07-18T16:42:34.841137" level="INFO">Tema escuro aplicado com sucesso</msg>
<doc>Muda para tema escuro usando ADB</doc>
<status status="PASS" start="2025-07-18T16:42:33.443627" elapsed="1.397618"/>
</kw>
<kw name="Sleep" owner="BuiltIn">
<msg time="2025-07-18T16:42:37.843432" level="INFO">Slept 3 seconds.</msg>
<arg>${THEME_CHANGE_DELAY}s</arg>
<doc>Pauses the test executed for the given time.</doc>
<status status="PASS" start="2025-07-18T16:42:34.842840" elapsed="3.000817"/>
</kw>
<kw name="Verify Theme Change">
<kw name="Get Current Theme" owner="ChangeTheme">
<msg time="2025-07-18T16:42:37.930532" level="INFO">Comando ADB executado: adb -s a83af8e7 shell settings get secure ui_night_mode</msg>
<msg time="2025-07-18T16:42:37.930652" level="INFO">Tema atual: dark (código: 2)</msg>
<msg time="2025-07-18T16:42:37.930807" level="INFO">${current_theme} = dark</msg>
<var>${current_theme}</var>
<doc>Retorna o tema atual do sistema</doc>
<status status="PASS" start="2025-07-18T16:42:37.845467" elapsed="0.085377"/>
</kw>
<kw name="Should Be Equal As Strings" owner="BuiltIn">
<arg>${current_theme}</arg>
<arg>${expected_theme}</arg>
<doc>Fails if objects are unequal after converting them to strings.</doc>
<status status="PASS" start="2025-07-18T16:42:37.931056" elapsed="0.000203"/>
</kw>
<kw name="Log" owner="BuiltIn">
<msg time="2025-07-18T16:42:37.931436" level="INFO">Tema verificado: dark</msg>
<arg>Tema verificado: ${current_theme}</arg>
<doc>Logs the given message with the given level.</doc>
<status status="PASS" start="2025-07-18T16:42:37.931349" elapsed="0.000114"/>
</kw>
<arg>dark</arg>
<doc>Verifica se o tema foi alterado corretamente</doc>
<status status="PASS" start="2025-07-18T16:42:37.844651" elapsed="0.086857"/>
</kw>
<kw name="Capture Page Screenshot" owner="AppiumLibrary">
<msg time="2025-07-18T16:42:38.499223" level="INFO" html="true">&lt;/td&gt;&lt;/tr&gt;&lt;tr&gt;&lt;td colspan="3"&gt;&lt;a href="step2_dark_theme.png"&gt;&lt;img src="step2_dark_theme.png" width="800px"&gt;&lt;/a&gt;</msg>
<arg>step2_dark_theme.png</arg>
<doc>Takes a screenshot of the current page and embeds it into the log.</doc>
<status status="PASS" start="2025-07-18T16:42:37.931768" elapsed="0.567659"/>
</kw>
<kw name="Change To Light Theme" owner="ChangeTheme">
<msg time="2025-07-18T16:42:38.500577" level="INFO">Iniciando mudança para tema claro via ADB</msg>
<msg time="2025-07-18T16:42:38.586637" level="INFO">Comando ADB executado: adb -s a83af8e7 shell settings get secure ui_night_mode</msg>
<msg time="2025-07-18T16:42:38.586788" level="INFO">Tema atual: 2</msg>
<msg time="2025-07-18T16:42:38.757491" level="INFO">Comando ADB executado: adb -s a83af8e7 shell cmd uimode night no</msg>
<msg time="2025-07-18T16:42:38.757608" level="INFO">Tema light aplicado via 'cmd uimode'</msg>
<msg time="2025-07-18T16:42:39.965219" level="INFO">Comando ADB executado: adb -s a83af8e7 shell settings get secure ui_night_mode</msg>
<msg time="2025-07-18T16:42:39.965357" level="INFO">Tema light aplicado com sucesso (código: 1)</msg>
<msg time="2025-07-18T16:42:39.965390" level="INFO">Tema claro aplicado com sucesso</msg>
<doc>Muda para tema claro usando ADB</doc>
<status status="PASS" start="2025-07-18T16:42:38.500366" elapsed="1.465103"/>
</kw>
<kw name="Sleep" owner="BuiltIn">
<msg time="2025-07-18T16:42:42.968015" level="INFO">Slept 3 seconds.</msg>
<arg>${THEME_CHANGE_DELAY}s</arg>
<doc>Pauses the test executed for the given time.</doc>
<status status="PASS" start="2025-07-18T16:42:39.967376" elapsed="3.000854"/>
</kw>
<kw name="Verify Theme Change">
<kw name="Get Current Theme" owner="ChangeTheme">
<msg time="2025-07-18T16:42:43.049123" level="INFO">Comando ADB executado: adb -s a83af8e7 shell settings get secure ui_night_mode</msg>
<msg time="2025-07-18T16:42:43.049222" level="INFO">Tema atual: light (código: 1)</msg>
<msg time="2025-07-18T16:42:43.049349" level="INFO">${current_theme} = light</msg>
<var>${current_theme}</var>
<doc>Retorna o tema atual do sistema</doc>
<status status="PASS" start="2025-07-18T16:42:42.969256" elapsed="0.080118"/>
</kw>
<kw name="Should Be Equal As Strings" owner="BuiltIn">
<arg>${current_theme}</arg>
<arg>${expected_theme}</arg>
<doc>Fails if objects are unequal after converting them to strings.</doc>
<status status="PASS" start="2025-07-18T16:42:43.049575" elapsed="0.000279"/>
</kw>
<kw name="Log" owner="BuiltIn">
<msg time="2025-07-18T16:42:43.050135" level="INFO">Tema verificado: light</msg>
<arg>Tema verificado: ${current_theme}</arg>
<doc>Logs the given message with the given level.</doc>
<status status="PASS" start="2025-07-18T16:42:43.049981" elapsed="0.000200"/>
</kw>
<arg>light</arg>
<doc>Verifica se o tema foi alterado corretamente</doc>
<status status="PASS" start="2025-07-18T16:42:42.968972" elapsed="0.081278"/>
</kw>
<kw name="Capture Page Screenshot" owner="AppiumLibrary">
<msg time="2025-07-18T16:42:43.540666" level="INFO" html="true">&lt;/td&gt;&lt;/tr&gt;&lt;tr&gt;&lt;td colspan="3"&gt;&lt;a href="step3_light_theme.png"&gt;&lt;img src="step3_light_theme.png" width="800px"&gt;&lt;/a&gt;</msg>
<arg>step3_light_theme.png</arg>
<doc>Takes a screenshot of the current page and embeds it into the log.</doc>
<status status="PASS" start="2025-07-18T16:42:43.051054" elapsed="0.489801"/>
</kw>
<kw name="Toggle Theme" owner="ChangeTheme">
<msg time="2025-07-18T16:42:43.620031" level="INFO">Comando ADB executado: adb -s a83af8e7 shell settings get secure ui_night_mode</msg>
<msg time="2025-07-18T16:42:43.620144" level="INFO">Tema atual: light (código: 1)</msg>
<msg time="2025-07-18T16:42:43.620189" level="INFO">Iniciando mudança para tema escuro via ADB</msg>
<msg time="2025-07-18T16:42:43.697640" level="INFO">Comando ADB executado: adb -s a83af8e7 shell settings get secure ui_night_mode</msg>
<msg time="2025-07-18T16:42:43.697771" level="INFO">Tema atual: 1</msg>
<msg time="2025-07-18T16:42:43.881898" level="INFO">Comando ADB executado: adb -s a83af8e7 shell cmd uimode night yes</msg>
<msg time="2025-07-18T16:42:43.882347" level="INFO">Tema dark aplicado via 'cmd uimode'</msg>
<msg time="2025-07-18T16:42:45.025896" level="INFO">Comando ADB executado: adb -s a83af8e7 shell settings get secure ui_night_mode</msg>
<msg time="2025-07-18T16:42:45.025995" level="INFO">Tema dark aplicado com sucesso (código: 2)</msg>
<msg time="2025-07-18T16:42:45.026025" level="INFO">Tema escuro aplicado com sucesso</msg>
<msg time="2025-07-18T16:42:45.026052" level="INFO">Tema alternado com sucesso</msg>
<doc>Alterna entre tema claro e escuro</doc>
<status status="PASS" start="2025-07-18T16:42:43.541451" elapsed="1.484670"/>
</kw>
<kw name="Sleep" owner="BuiltIn">
<msg time="2025-07-18T16:42:48.027566" level="INFO">Slept 3 seconds.</msg>
<arg>${THEME_CHANGE_DELAY}s</arg>
<doc>Pauses the test executed for the given time.</doc>
<status status="PASS" start="2025-07-18T16:42:45.026873" elapsed="3.000793"/>
</kw>
<kw name="Verify Theme Change">
<kw name="Get Current Theme" owner="ChangeTheme">
<msg time="2025-07-18T16:42:48.105195" level="INFO">Comando ADB executado: adb -s a83af8e7 shell settings get secure ui_night_mode</msg>
<msg time="2025-07-18T16:42:48.105282" level="INFO">Tema atual: dark (código: 2)</msg>
<msg time="2025-07-18T16:42:48.105426" level="INFO">${current_theme} = dark</msg>
<var>${current_theme}</var>
<doc>Retorna o tema atual do sistema</doc>
<status status="PASS" start="2025-07-18T16:42:48.029323" elapsed="0.076125"/>
</kw>
<kw name="Should Be Equal As Strings" owner="BuiltIn">
<arg>${current_theme}</arg>
<arg>${expected_theme}</arg>
<doc>Fails if objects are unequal after converting them to strings.</doc>
<status status="PASS" start="2025-07-18T16:42:48.105639" elapsed="0.000239"/>
</kw>
<kw name="Log" owner="BuiltIn">
<msg time="2025-07-18T16:42:48.106157" level="INFO">Tema verificado: dark</msg>
<arg>Tema verificado: ${current_theme}</arg>
<doc>Logs the given message with the given level.</doc>
<status status="PASS" start="2025-07-18T16:42:48.106004" elapsed="0.000199"/>
</kw>
<arg>dark</arg>
<doc>Verifica se o tema foi alterado corretamente</doc>
<status status="PASS" start="2025-07-18T16:42:48.028008" elapsed="0.078266"/>
</kw>
<kw name="Capture Page Screenshot" owner="AppiumLibrary">
<msg time="2025-07-18T16:42:48.602217" level="INFO" html="true">&lt;/td&gt;&lt;/tr&gt;&lt;tr&gt;&lt;td colspan="3"&gt;&lt;a href="step4_toggled_to_dark.png"&gt;&lt;img src="step4_toggled_to_dark.png" width="800px"&gt;&lt;/a&gt;</msg>
<arg>step4_toggled_to_dark.png</arg>
<doc>Takes a screenshot of the current page and embeds it into the log.</doc>
<status status="PASS" start="2025-07-18T16:42:48.106582" elapsed="0.495822"/>
</kw>
<kw name="Reset Theme To Auto" owner="ChangeTheme">
<msg time="2025-07-18T16:42:48.602966" level="INFO">Resetando tema para automático (modo auto)</msg>
<msg time="2025-07-18T16:42:48.701440" level="INFO">Comando ADB executado: adb -s a83af8e7 shell settings put secure ui_night_mode 0</msg>
<msg time="2025-07-18T16:42:48.701548" level="INFO">Tema resetado para automático com sucesso</msg>
<doc>Reseta o tema para automático (modo padrão do sistema)</doc>
<status status="PASS" start="2025-07-18T16:42:48.602810" elapsed="0.098810"/>
</kw>
<kw name="Sleep" owner="BuiltIn">
<msg time="2025-07-18T16:42:51.703941" level="INFO">Slept 3 seconds.</msg>
<arg>${THEME_CHANGE_DELAY}s</arg>
<doc>Pauses the test executed for the given time.</doc>
<status status="PASS" start="2025-07-18T16:42:48.703215" elapsed="3.000860"/>
</kw>
<kw name="Get Current Theme" owner="ChangeTheme">
<msg time="2025-07-18T16:42:51.803825" level="INFO">Comando ADB executado: adb -s a83af8e7 shell settings get secure ui_night_mode</msg>
<msg time="2025-07-18T16:42:51.804009" level="INFO">Tema atual: auto (código: 0)</msg>
<msg time="2025-07-18T16:42:51.804240" level="INFO">${final_theme} = auto</msg>
<var>${final_theme}</var>
<doc>Retorna o tema atual do sistema</doc>
<status status="PASS" start="2025-07-18T16:42:51.704604" elapsed="0.099695"/>
</kw>
<kw name="Should Be Equal As Strings" owner="BuiltIn">
<arg>${final_theme}</arg>
<arg>auto</arg>
<doc>Fails if objects are unequal after converting them to strings.</doc>
<status status="PASS" start="2025-07-18T16:42:51.806106" elapsed="0.000508"/>
</kw>
<kw name="Log" owner="BuiltIn">
<msg time="2025-07-18T16:42:51.807440" level="INFO">Tema resetado para automático</msg>
<arg>Tema resetado para automático</arg>
<doc>Logs the given message with the given level.</doc>
<status status="PASS" start="2025-07-18T16:42:51.807195" elapsed="0.000345"/>
</kw>
<kw name="Capture Page Screenshot" owner="AppiumLibrary">
<msg time="2025-07-18T16:42:52.321987" level="INFO" html="true">&lt;/td&gt;&lt;/tr&gt;&lt;tr&gt;&lt;td colspan="3"&gt;&lt;a href="step5_auto_theme.png"&gt;&lt;img src="step5_auto_theme.png" width="800px"&gt;&lt;/a&gt;</msg>
<arg>step5_auto_theme.png</arg>
<doc>Takes a screenshot of the current page and embeds it into the log.</doc>
<status status="PASS" start="2025-07-18T16:42:51.807965" elapsed="0.514187"/>
</kw>
<kw name="Reset Theme To Auto" owner="ChangeTheme" type="TEARDOWN">
<msg time="2025-07-18T16:42:52.322821" level="INFO">Resetando tema para automático (modo auto)</msg>
<msg time="2025-07-18T16:42:52.423865" level="INFO">Comando ADB executado: adb -s a83af8e7 shell settings put secure ui_night_mode 0</msg>
<msg time="2025-07-18T16:42:52.423971" level="INFO">Tema resetado para automático com sucesso</msg>
<doc>Reseta o tema para automático (modo padrão do sistema)</doc>
<status status="PASS" start="2025-07-18T16:42:52.322640" elapsed="0.101426"/>
</kw>
<doc>Teste completo que verifica todas as funcionalidades de tema</doc>
<tag>adb</tag>
<tag>complete</tag>
<tag>regression</tag>
<tag>theme</tag>
<status status="PASS" start="2025-07-18T16:42:24.271199" elapsed="28.153345"/>
</test>
<status status="PASS" start="2025-07-18T16:41:36.400472" elapsed="76.025221"/>
</suite>
<statistics>
<total>
<stat pass="4" fail="0" skip="0">All Tests</stat>
</total>
<tag>
<stat pass="4" fail="0" skip="0">adb</stat>
<stat pass="1" fail="0" skip="0">complete</stat>
<stat pass="1" fail="0" skip="0">dark_theme</stat>
<stat pass="3" fail="0" skip="0">fast</stat>
<stat pass="1" fail="0" skip="0">light_theme</stat>
<stat pass="1" fail="0" skip="0">regression</stat>
<stat pass="4" fail="0" skip="0">theme</stat>
<stat pass="1" fail="0" skip="0">toggle</stat>
</tag>
<suite>
<stat name="Teste" id="s1" pass="4" fail="0" skip="0">Teste</stat>
</suite>
</statistics>
<errors>
</errors>
</robot>
